{"E:\\Belajar\\uas\\RPL\\DawSavings-bun\\declarations.d.ts": {"path":"E:\\Belajar\\uas\\RPL\\DawSavings-bun\\declarations.d.ts","statementMap":{},"fnMap":{},"branchMap":{},"s":{},"f":{},"b":{}}
,"E:\\Belajar\\uas\\RPL\\DawSavings-bun\\drizzle.config.ts": {"path":"E:\\Belajar\\uas\\RPL\\DawSavings-bun\\drizzle.config.ts","statementMap":{},"fnMap":{},"branchMap":{},"s":{},"f":{},"b":{}}
,"E:\\Belajar\\uas\\RPL\\DawSavings-bun\\metro.config.js": {"path":"E:\\Belajar\\uas\\RPL\\DawSavings-bun\\metro.config.js","statementMap":{"0":{"start":{"line":1,"column":29},"end":{"line":1,"column":57}},"1":{"start":{"line":3,"column":15},"end":{"line":3,"column":42}},"2":{"start":{"line":4,"column":34},"end":{"line":4,"column":40}},"3":{"start":{"line":6,"column":0},"end":{"line":9,"column":2}},"4":{"start":{"line":10,"column":0},"end":{"line":14,"column":2}},"5":{"start":{"line":12,"column":48},"end":{"line":12,"column":61}},"6":{"start":{"line":16,"column":0},"end":{"line":16,"column":39}},"7":{"start":{"line":17,"column":0},"end":{"line":17,"column":24}}},"fnMap":{"0":{"name":"(anonymous_0)","decl":{"start":{"line":12,"column":39},"end":{"line":12,"column":40}},"loc":{"start":{"line":12,"column":48},"end":{"line":12,"column":61}},"line":12}},"branchMap":{},"s":{"0":0,"1":0,"2":0,"3":0,"4":0,"5":0,"6":0,"7":0},"f":{"0":0},"b":{}}
,"E:\\Belajar\\uas\\RPL\\DawSavings-bun\\store.ts": {"path":"E:\\Belajar\\uas\\RPL\\DawSavings-bun\\store.ts","statementMap":{"0":{"start":{"line":3,"column":35},"end":{"line":8,"column":3}},"1":{"start":{"line":3,"column":52},"end":{"line":8,"column":1}},"2":{"start":{"line":6,"column":49},"end":{"line":6,"column":85}},"3":{"start":{"line":7,"column":49},"end":{"line":7,"column":85}}},"fnMap":{"0":{"name":"(anonymous_0)","decl":{"start":{"line":3,"column":42},"end":{"line":3,"column":43}},"loc":{"start":{"line":3,"column":52},"end":{"line":8,"column":1}},"line":3},"1":{"name":"(anonymous_1)","decl":{"start":{"line":6,"column":29},"end":{"line":6,"column":30}},"loc":{"start":{"line":6,"column":49},"end":{"line":6,"column":85}},"line":6},"2":{"name":"(anonymous_2)","decl":{"start":{"line":7,"column":29},"end":{"line":7,"column":30}},"loc":{"start":{"line":7,"column":49},"end":{"line":7,"column":85}},"line":7}},"branchMap":{},"s":{"0":0,"1":0,"2":0,"3":0},"f":{"0":0,"1":0,"2":0},"b":{}}
,"E:\\Belajar\\uas\\RPL\\DawSavings-bun\\app\\AddNew.tsx": {"path":"E:\\Belajar\\uas\\RPL\\DawSavings-bun\\app\\AddNew.tsx","statementMap":{"0":{"start":{"line":6,"column":15},"end":{"line":15,"column":1}},"1":{"start":{"line":7,"column":17},"end":{"line":7,"column":28}},"2":{"start":{"line":9,"column":2},"end":{"line":14,"column":4}}},"fnMap":{"0":{"name":"(anonymous_0)","decl":{"start":{"line":6,"column":15},"end":{"line":6,"column":16}},"loc":{"start":{"line":6,"column":21},"end":{"line":15,"column":1}},"line":6}},"branchMap":{},"s":{"0":0,"1":0,"2":0},"f":{"0":0},"b":{}}
,"E:\\Belajar\\uas\\RPL\\DawSavings-bun\\app\\DetailSiswa.tsx": {"path":"E:\\Belajar\\uas\\RPL\\DawSavings-bun\\app\\DetailSiswa.tsx","statementMap":{"0":{"start":{"line":15,"column":20},"end":{"line":182,"column":1}},"1":{"start":{"line":16,"column":23},"end":{"line":16,"column":45}},"2":{"start":{"line":17,"column":36},"end":{"line":17,"column":70}},"3":{"start":{"line":18,"column":36},"end":{"line":18,"column":50}},"4":{"start":{"line":19,"column":42},"end":{"line":19,"column":66}},"5":{"start":{"line":20,"column":42},"end":{"line":20,"column":66}},"6":{"start":{"line":22,"column":31},"end":{"line":24,"column":3}},"7":{"start":{"line":23,"column":20},"end":{"line":23,"column":46}},"8":{"start":{"line":25,"column":31},"end":{"line":27,"column":3}},"9":{"start":{"line":26,"column":20},"end":{"line":26,"column":46}},"10":{"start":{"line":28,"column":34},"end":{"line":30,"column":3}},"11":{"start":{"line":29,"column":20},"end":{"line":29,"column":49}},"12":{"start":{"line":32,"column":34},"end":{"line":34,"column":3}},"13":{"start":{"line":33,"column":20},"end":{"line":33,"column":49}},"14":{"start":{"line":36,"column":18},"end":{"line":43,"column":3}},"15":{"start":{"line":37,"column":17},"end":{"line":39,"column":5}},"16":{"start":{"line":41,"column":4},"end":{"line":41,"column":38}},"17":{"start":{"line":42,"column":4},"end":{"line":42,"column":24}},"18":{"start":{"line":45,"column":2},"end":{"line":47,"column":9}},"19":{"start":{"line":46,"column":4},"end":{"line":46,"column":14}},"20":{"start":{"line":49,"column":2},"end":{"line":55,"column":3}},"21":{"start":{"line":50,"column":4},"end":{"line":54,"column":6}},"22":{"start":{"line":57,"column":2},"end":{"line":181,"column":4}},"23":{"start":{"line":119,"column":16},"end":{"line":124,"column":76}},"24":{"start":{"line":126,"column":29},"end":{"line":126,"column":50}},"25":{"start":{"line":132,"column":16},"end":{"line":137,"column":76}},"26":{"start":{"line":139,"column":29},"end":{"line":139,"column":50}},"27":{"start":{"line":176,"column":36},"end":{"line":176,"column":72}},"28":{"start":{"line":186,"column":15},"end":{"line":212,"column":2}}},"fnMap":{"0":{"name":"(anonymous_0)","decl":{"start":{"line":15,"column":20},"end":{"line":15,"column":21}},"loc":{"start":{"line":15,"column":26},"end":{"line":182,"column":1}},"line":15},"1":{"name":"(anonymous_1)","decl":{"start":{"line":23,"column":4},"end":{"line":23,"column":5}},"loc":{"start":{"line":23,"column":20},"end":{"line":23,"column":46}},"line":23},"2":{"name":"(anonymous_2)","decl":{"start":{"line":26,"column":4},"end":{"line":26,"column":5}},"loc":{"start":{"line":26,"column":20},"end":{"line":26,"column":46}},"line":26},"3":{"name":"(anonymous_3)","decl":{"start":{"line":29,"column":4},"end":{"line":29,"column":5}},"loc":{"start":{"line":29,"column":20},"end":{"line":29,"column":49}},"line":29},"4":{"name":"(anonymous_4)","decl":{"start":{"line":33,"column":4},"end":{"line":33,"column":5}},"loc":{"start":{"line":33,"column":20},"end":{"line":33,"column":49}},"line":33},"5":{"name":"(anonymous_5)","decl":{"start":{"line":36,"column":18},"end":{"line":36,"column":19}},"loc":{"start":{"line":36,"column":30},"end":{"line":43,"column":3}},"line":36},"6":{"name":"(anonymous_6)","decl":{"start":{"line":45,"column":12},"end":{"line":45,"column":13}},"loc":{"start":{"line":45,"column":18},"end":{"line":47,"column":3}},"line":45},"7":{"name":"(anonymous_7)","decl":{"start":{"line":118,"column":21},"end":{"line":118,"column":22}},"loc":{"start":{"line":119,"column":16},"end":{"line":124,"column":76}},"line":119},"8":{"name":"(anonymous_8)","decl":{"start":{"line":126,"column":23},"end":{"line":126,"column":24}},"loc":{"start":{"line":126,"column":29},"end":{"line":126,"column":50}},"line":126},"9":{"name":"(anonymous_9)","decl":{"start":{"line":131,"column":21},"end":{"line":131,"column":22}},"loc":{"start":{"line":132,"column":16},"end":{"line":137,"column":76}},"line":132},"10":{"name":"(anonymous_10)","decl":{"start":{"line":139,"column":23},"end":{"line":139,"column":24}},"loc":{"start":{"line":139,"column":29},"end":{"line":139,"column":50}},"line":139},"11":{"name":"(anonymous_11)","decl":{"start":{"line":144,"column":57},"end":{"line":144,"column":58}},"loc":{"start":{"line":144,"column":63},"end":{"line":144,"column":65}},"line":144},"12":{"name":"(anonymous_12)","decl":{"start":{"line":176,"column":24},"end":{"line":176,"column":25}},"loc":{"start":{"line":176,"column":36},"end":{"line":176,"column":72}},"line":176}},"branchMap":{"0":{"loc":{"start":{"line":49,"column":2},"end":{"line":55,"column":3}},"type":"if","locations":[{"start":{"line":49,"column":2},"end":{"line":55,"column":3}},{"start":{},"end":{}}],"line":49},"1":{"loc":{"start":{"line":119,"column":16},"end":{"line":124,"column":76}},"type":"cond-expr","locations":[{"start":{"line":120,"column":20},"end":{"line":123,"column":21}},{"start":{"line":124,"column":20},"end":{"line":124,"column":76}}],"line":119},"2":{"loc":{"start":{"line":132,"column":16},"end":{"line":137,"column":76}},"type":"cond-expr","locations":[{"start":{"line":133,"column":20},"end":{"line":136,"column":21}},{"start":{"line":137,"column":20},"end":{"line":137,"column":76}}],"line":132}},"s":{"0":0,"1":0,"2":0,"3":0,"4":0,"5":0,"6":0,"7":0,"8":0,"9":0,"10":0,"11":0,"12":0,"13":0,"14":0,"15":0,"16":0,"17":0,"18":0,"19":0,"20":0,"21":0,"22":0,"23":0,"24":0,"25":0,"26":0,"27":0,"28":0},"f":{"0":0,"1":0,"2":0,"3":0,"4":0,"5":0,"6":0,"7":0,"8":0,"9":0,"10":0,"11":0,"12":0},"b":{"0":[0,0],"1":[0,0],"2":[0,0]}}
,"E:\\Belajar\\uas\\RPL\\DawSavings-bun\\app\\EditSiswa.tsx": {"path":"E:\\Belajar\\uas\\RPL\\DawSavings-bun\\app\\EditSiswa.tsx","statementMap":{"0":{"start":{"line":8,"column":18},"end":{"line":30,"column":1}},"1":{"start":{"line":9,"column":17},"end":{"line":9,"column":39}},"2":{"start":{"line":10,"column":28},"end":{"line":10,"column":62}},"3":{"start":{"line":12,"column":18},"end":{"line":16,"column":3}},"4":{"start":{"line":13,"column":17},"end":{"line":13,"column":79}},"5":{"start":{"line":15,"column":4},"end":{"line":15,"column":34}},"6":{"start":{"line":18,"column":2},"end":{"line":20,"column":9}},"7":{"start":{"line":19,"column":4},"end":{"line":19,"column":14}},"8":{"start":{"line":22,"column":2},"end":{"line":29,"column":4}}},"fnMap":{"0":{"name":"(anonymous_0)","decl":{"start":{"line":8,"column":18},"end":{"line":8,"column":19}},"loc":{"start":{"line":8,"column":24},"end":{"line":30,"column":1}},"line":8},"1":{"name":"(anonymous_1)","decl":{"start":{"line":12,"column":18},"end":{"line":12,"column":19}},"loc":{"start":{"line":12,"column":30},"end":{"line":16,"column":3}},"line":12},"2":{"name":"(anonymous_2)","decl":{"start":{"line":18,"column":12},"end":{"line":18,"column":13}},"loc":{"start":{"line":18,"column":18},"end":{"line":20,"column":3}},"line":18}},"branchMap":{"0":{"loc":{"start":{"line":25,"column":7},"end":{"line":27,"column":7}},"type":"binary-expr","locations":[{"start":{"line":25,"column":7},"end":{"line":25,"column":12}},{"start":{"line":26,"column":8},"end":{"line":26,"column":53}}],"line":25}},"s":{"0":0,"1":0,"2":0,"3":0,"4":0,"5":0,"6":0,"7":0,"8":0},"f":{"0":0,"1":0,"2":0},"b":{"0":[0,0]}}
,"E:\\Belajar\\uas\\RPL\\DawSavings-bun\\app\\_layout.tsx": {"path":"E:\\Belajar\\uas\\RPL\\DawSavings-bun\\app\\_layout.tsx","statementMap":{"0":{"start":{"line":15,"column":33},"end":{"line":18,"column":1}},"1":{"start":{"line":21,"column":0},"end":{"line":21,"column":36}},"2":{"start":{"line":24,"column":26},"end":{"line":27,"column":4}},"3":{"start":{"line":30,"column":2},"end":{"line":32,"column":14}},"4":{"start":{"line":31,"column":4},"end":{"line":31,"column":27}},"5":{"start":{"line":31,"column":15},"end":{"line":31,"column":27}},"6":{"start":{"line":34,"column":2},"end":{"line":38,"column":15}},"7":{"start":{"line":35,"column":4},"end":{"line":37,"column":5}},"8":{"start":{"line":36,"column":6},"end":{"line":36,"column":31}},"9":{"start":{"line":40,"column":2},"end":{"line":42,"column":3}},"10":{"start":{"line":41,"column":4},"end":{"line":41,"column":16}},"11":{"start":{"line":44,"column":2},"end":{"line":44,"column":27}},"12":{"start":{"line":48,"column":2},"end":{"line":76,"column":4}}},"fnMap":{"0":{"name":"RootLayout","decl":{"start":{"line":23,"column":24},"end":{"line":23,"column":34}},"loc":{"start":{"line":23,"column":37},"end":{"line":45,"column":1}},"line":23},"1":{"name":"(anonymous_1)","decl":{"start":{"line":30,"column":12},"end":{"line":30,"column":13}},"loc":{"start":{"line":30,"column":18},"end":{"line":32,"column":3}},"line":30},"2":{"name":"(anonymous_2)","decl":{"start":{"line":34,"column":12},"end":{"line":34,"column":13}},"loc":{"start":{"line":34,"column":18},"end":{"line":38,"column":3}},"line":34},"3":{"name":"RootLayoutNav","decl":{"start":{"line":47,"column":9},"end":{"line":47,"column":22}},"loc":{"start":{"line":47,"column":25},"end":{"line":77,"column":1}},"line":47}},"branchMap":{"0":{"loc":{"start":{"line":31,"column":4},"end":{"line":31,"column":27}},"type":"if","locations":[{"start":{"line":31,"column":4},"end":{"line":31,"column":27}},{"start":{},"end":{}}],"line":31},"1":{"loc":{"start":{"line":35,"column":4},"end":{"line":37,"column":5}},"type":"if","locations":[{"start":{"line":35,"column":4},"end":{"line":37,"column":5}},{"start":{},"end":{}}],"line":35},"2":{"loc":{"start":{"line":40,"column":2},"end":{"line":42,"column":3}},"type":"if","locations":[{"start":{"line":40,"column":2},"end":{"line":42,"column":3}},{"start":{},"end":{}}],"line":40}},"s":{"0":0,"1":0,"2":0,"3":0,"4":0,"5":0,"6":0,"7":0,"8":0,"9":0,"10":0,"11":0,"12":0},"f":{"0":0,"1":0,"2":0,"3":0},"b":{"0":[0,0],"1":[0,0],"2":[0,0]}}
,"E:\\Belajar\\uas\\RPL\\DawSavings-bun\\app\\(tabs)\\_layout.tsx": {"path":"E:\\Belajar\\uas\\RPL\\DawSavings-bun\\app\\(tabs)\\_layout.tsx","statementMap":{"0":{"start":{"line":4,"column":18},"end":{"line":17,"column":1}},"1":{"start":{"line":5,"column":2},"end":{"line":16,"column":4}},"2":{"start":{"line":6,"column":29},"end":{"line":6,"column":50}}},"fnMap":{"0":{"name":"(anonymous_0)","decl":{"start":{"line":4,"column":18},"end":{"line":4,"column":19}},"loc":{"start":{"line":4,"column":24},"end":{"line":17,"column":1}},"line":4},"1":{"name":"(anonymous_1)","decl":{"start":{"line":6,"column":18},"end":{"line":6,"column":19}},"loc":{"start":{"line":6,"column":29},"end":{"line":6,"column":50}},"line":6}},"branchMap":{},"s":{"0":0,"1":0,"2":0},"f":{"0":0,"1":0},"b":{}}
,"E:\\Belajar\\uas\\RPL\\DawSavings-bun\\app\\(tabs)\\index.tsx": {"path":"E:\\Belajar\\uas\\RPL\\DawSavings-bun\\app\\(tabs)\\index.tsx","statementMap":{"0":{"start":{"line":18,"column":13},"end":{"line":96,"column":1}},"1":{"start":{"line":19,"column":38},"end":{"line":19,"column":61}},"2":{"start":{"line":20,"column":34},"end":{"line":20,"column":61}},"3":{"start":{"line":22,"column":4},"end":{"line":22,"column":37}},"4":{"start":{"line":24,"column":17},"end":{"line":24,"column":28}},"5":{"start":{"line":27,"column":23},"end":{"line":34,"column":3}},"6":{"start":{"line":28,"column":18},"end":{"line":28,"column":40}},"7":{"start":{"line":29,"column":4},"end":{"line":33,"column":6}},"8":{"start":{"line":31,"column":8},"end":{"line":31,"column":48}},"9":{"start":{"line":36,"column":2},"end":{"line":38,"column":9}},"10":{"start":{"line":37,"column":4},"end":{"line":37,"column":58}},"11":{"start":{"line":40,"column":2},"end":{"line":95,"column":4}},"12":{"start":{"line":46,"column":10},"end":{"line":48,"column":12}},"13":{"start":{"line":66,"column":33},"end":{"line":66,"column":48}},"14":{"start":{"line":81,"column":14},"end":{"line":81,"column":72}},"15":{"start":{"line":87,"column":18},"end":{"line":87,"column":71}},"16":{"start":{"line":100,"column":15},"end":{"line":153,"column":2}}},"fnMap":{"0":{"name":"(anonymous_0)","decl":{"start":{"line":18,"column":13},"end":{"line":18,"column":14}},"loc":{"start":{"line":18,"column":19},"end":{"line":96,"column":1}},"line":18},"1":{"name":"(anonymous_1)","decl":{"start":{"line":27,"column":23},"end":{"line":27,"column":24}},"loc":{"start":{"line":27,"column":38},"end":{"line":34,"column":3}},"line":27},"2":{"name":"(anonymous_2)","decl":{"start":{"line":30,"column":22},"end":{"line":30,"column":23}},"loc":{"start":{"line":31,"column":8},"end":{"line":31,"column":48}},"line":31},"3":{"name":"(anonymous_3)","decl":{"start":{"line":36,"column":12},"end":{"line":36,"column":13}},"loc":{"start":{"line":36,"column":18},"end":{"line":38,"column":3}},"line":36},"4":{"name":"(anonymous_4)","decl":{"start":{"line":45,"column":17},"end":{"line":45,"column":18}},"loc":{"start":{"line":46,"column":10},"end":{"line":48,"column":12}},"line":46},"5":{"name":"(anonymous_5)","decl":{"start":{"line":66,"column":26},"end":{"line":66,"column":27}},"loc":{"start":{"line":66,"column":33},"end":{"line":66,"column":48}},"line":66},"6":{"name":"(anonymous_6)","decl":{"start":{"line":80,"column":24},"end":{"line":80,"column":25}},"loc":{"start":{"line":81,"column":14},"end":{"line":81,"column":72}},"line":81},"7":{"name":"(anonymous_7)","decl":{"start":{"line":86,"column":27},"end":{"line":86,"column":28}},"loc":{"start":{"line":87,"column":18},"end":{"line":87,"column":71}},"line":87}},"branchMap":{"0":{"loc":{"start":{"line":73,"column":9},"end":{"line":92,"column":9}},"type":"cond-expr","locations":[{"start":{"line":74,"column":10},"end":{"line":74,"column":86}},{"start":{"line":76,"column":10},"end":{"line":91,"column":12}}],"line":73}},"s":{"0":0,"1":0,"2":0,"3":0,"4":0,"5":0,"6":0,"7":0,"8":0,"9":0,"10":0,"11":0,"12":0,"13":0,"14":0,"15":0,"16":0},"f":{"0":0,"1":0,"2":0,"3":0,"4":0,"5":0,"6":0,"7":0},"b":{"0":[0,0]}}
,"E:\\Belajar\\uas\\RPL\\DawSavings-bun\\app\\(tabs)\\two.tsx": {"path":"E:\\Belajar\\uas\\RPL\\DawSavings-bun\\app\\(tabs)\\two.tsx","statementMap":{"0":{"start":{"line":3,"column":12},"end":{"line":9,"column":1}},"1":{"start":{"line":4,"column":2},"end":{"line":8,"column":3}}},"fnMap":{"0":{"name":"(anonymous_0)","decl":{"start":{"line":3,"column":12},"end":{"line":3,"column":13}},"loc":{"start":{"line":3,"column":18},"end":{"line":9,"column":1}},"line":3}},"branchMap":{},"s":{"0":0,"1":0},"f":{"0":0},"b":{}}
,"E:\\Belajar\\uas\\RPL\\DawSavings-bun\\components\\Header.tsx": {"path":"E:\\Belajar\\uas\\RPL\\DawSavings-bun\\components\\Header.tsx","statementMap":{"0":{"start":{"line":8,"column":15},"end":{"line":42,"column":1}},"1":{"start":{"line":9,"column":17},"end":{"line":9,"column":28}},"2":{"start":{"line":11,"column":2},"end":{"line":41,"column":4}},"3":{"start":{"line":31,"column":23},"end":{"line":31,"column":36}}},"fnMap":{"0":{"name":"(anonymous_0)","decl":{"start":{"line":8,"column":15},"end":{"line":8,"column":16}},"loc":{"start":{"line":8,"column":97},"end":{"line":42,"column":1}},"line":8},"1":{"name":"(anonymous_1)","decl":{"start":{"line":31,"column":17},"end":{"line":31,"column":18}},"loc":{"start":{"line":31,"column":23},"end":{"line":31,"column":36}},"line":31}},"branchMap":{"0":{"loc":{"start":{"line":22,"column":24},"end":{"line":22,"column":61}},"type":"cond-expr","locations":[{"start":{"line":22,"column":35},"end":{"line":22,"column":50}},{"start":{"line":22,"column":53},"end":{"line":22,"column":61}}],"line":22},"1":{"loc":{"start":{"line":23,"column":13},"end":{"line":23,"column":30}},"type":"cond-expr","locations":[{"start":{"line":23,"column":24},"end":{"line":23,"column":25}},{"start":{"line":23,"column":28},"end":{"line":23,"column":30}}],"line":23},"2":{"loc":{"start":{"line":32,"column":15},"end":{"line":32,"column":65}},"type":"cond-expr","locations":[{"start":{"line":32,"column":26},"end":{"line":32,"column":28}},{"start":{"line":32,"column":31},"end":{"line":32,"column":65}}],"line":32},"3":{"loc":{"start":{"line":39,"column":7},"end":{"line":39,"column":62}},"type":"binary-expr","locations":[{"start":{"line":39,"column":7},"end":{"line":39,"column":15}},{"start":{"line":39,"column":19},"end":{"line":39,"column":62}}],"line":39}},"s":{"0":0,"1":0,"2":0,"3":0},"f":{"0":0,"1":0},"b":{"0":[0,0],"1":[0,0],"2":[0,0],"3":[0,0]}}
,"E:\\Belajar\\uas\\RPL\\DawSavings-bun\\components\\InputField.tsx": {"path":"E:\\Belajar\\uas\\RPL\\DawSavings-bun\\components\\InputField.tsx","statementMap":{"0":{"start":{"line":5,"column":19},"end":{"line":33,"column":1}},"1":{"start":{"line":20,"column":2},"end":{"line":32,"column":4}},"2":{"start":{"line":37,"column":15},"end":{"line":49,"column":2}}},"fnMap":{"0":{"name":"(anonymous_0)","decl":{"start":{"line":5,"column":19},"end":{"line":5,"column":20}},"loc":{"start":{"line":19,"column":6},"end":{"line":33,"column":1}},"line":19}},"branchMap":{},"s":{"0":1,"1":24,"2":1},"f":{"0":24},"b":{},"_coverageSchema":"1a1c01bbd47fc00a2c39e90264f33305004495a9","hash":"dbff28fb2c11af78e91e27e88c466e420c094023"}
,"E:\\Belajar\\uas\\RPL\\DawSavings-bun\\components\\detail-siswa\\DetailSiswaCard.tsx": {"path":"E:\\Belajar\\uas\\RPL\\DawSavings-bun\\components\\detail-siswa\\DetailSiswaCard.tsx","statementMap":{"0":{"start":{"line":7,"column":24},"end":{"line":57,"column":1}},"1":{"start":{"line":14,"column":17},"end":{"line":14,"column":28}},"2":{"start":{"line":16,"column":31},"end":{"line":22,"column":3}},"3":{"start":{"line":24,"column":2},"end":{"line":56,"column":4}},"4":{"start":{"line":33,"column":10},"end":{"line":39,"column":12}},"5":{"start":{"line":61,"column":15},"end":{"line":94,"column":2}}},"fnMap":{"0":{"name":"(anonymous_0)","decl":{"start":{"line":7,"column":24},"end":{"line":7,"column":25}},"loc":{"start":{"line":13,"column":6},"end":{"line":57,"column":1}},"line":13},"1":{"name":"(anonymous_1)","decl":{"start":{"line":32,"column":17},"end":{"line":32,"column":18}},"loc":{"start":{"line":33,"column":10},"end":{"line":39,"column":12}},"line":33}},"branchMap":{},"s":{"0":0,"1":0,"2":0,"3":0,"4":0,"5":0},"f":{"0":0,"1":0},"b":{}}
,"E:\\Belajar\\uas\\RPL\\DawSavings-bun\\components\\detail-siswa\\DetailSiswaCardPopMenu.tsx": {"path":"E:\\Belajar\\uas\\RPL\\DawSavings-bun\\components\\detail-siswa\\DetailSiswaCardPopMenu.tsx","statementMap":{"0":{"start":{"line":12,"column":31},"end":{"line":57,"column":1}},"1":{"start":{"line":13,"column":17},"end":{"line":13,"column":28}},"2":{"start":{"line":15,"column":34},"end":{"line":17,"column":3}},"3":{"start":{"line":16,"column":20},"end":{"line":16,"column":49}},"4":{"start":{"line":19,"column":34},"end":{"line":21,"column":3}},"5":{"start":{"line":20,"column":20},"end":{"line":20,"column":49}},"6":{"start":{"line":23,"column":2},"end":{"line":56,"column":4}},"7":{"start":{"line":44,"column":12},"end":{"line":47,"column":14}},"8":{"start":{"line":52,"column":26},"end":{"line":52,"column":55}}},"fnMap":{"0":{"name":"(anonymous_0)","decl":{"start":{"line":12,"column":31},"end":{"line":12,"column":32}},"loc":{"start":{"line":12,"column":59},"end":{"line":57,"column":1}},"line":12},"1":{"name":"(anonymous_1)","decl":{"start":{"line":16,"column":4},"end":{"line":16,"column":5}},"loc":{"start":{"line":16,"column":20},"end":{"line":16,"column":49}},"line":16},"2":{"name":"(anonymous_2)","decl":{"start":{"line":20,"column":4},"end":{"line":20,"column":5}},"loc":{"start":{"line":20,"column":20},"end":{"line":20,"column":49}},"line":20},"3":{"name":"(anonymous_3)","decl":{"start":{"line":43,"column":20},"end":{"line":43,"column":21}},"loc":{"start":{"line":44,"column":12},"end":{"line":47,"column":14}},"line":44},"4":{"name":"(anonymous_4)","decl":{"start":{"line":52,"column":20},"end":{"line":52,"column":21}},"loc":{"start":{"line":52,"column":26},"end":{"line":52,"column":55}},"line":52}},"branchMap":{},"s":{"0":0,"1":0,"2":0,"3":0,"4":0,"5":0,"6":0,"7":0,"8":0},"f":{"0":0,"1":0,"2":0,"3":0,"4":0},"b":{}}
,"E:\\Belajar\\uas\\RPL\\DawSavings-bun\\components\\dialog\\ConfirmDialog.tsx": {"path":"E:\\Belajar\\uas\\RPL\\DawSavings-bun\\components\\dialog\\ConfirmDialog.tsx","statementMap":{"0":{"start":{"line":4,"column":22},"end":{"line":59,"column":1}},"1":{"start":{"line":17,"column":36},"end":{"line":17,"column":60}},"2":{"start":{"line":18,"column":24},"end":{"line":24,"column":3}},"3":{"start":{"line":19,"column":4},"end":{"line":19,"column":23}},"4":{"start":{"line":20,"column":4},"end":{"line":20,"column":27}},"5":{"start":{"line":21,"column":4},"end":{"line":21,"column":24}},"6":{"start":{"line":22,"column":4},"end":{"line":22,"column":34}},"7":{"start":{"line":23,"column":4},"end":{"line":23,"column":33}},"8":{"start":{"line":26,"column":2},"end":{"line":58,"column":4}},"9":{"start":{"line":36,"column":23},"end":{"line":36,"column":46}},"10":{"start":{"line":55,"column":23},"end":{"line":55,"column":38}}},"fnMap":{"0":{"name":"(anonymous_0)","decl":{"start":{"line":4,"column":22},"end":{"line":4,"column":23}},"loc":{"start":{"line":16,"column":6},"end":{"line":59,"column":1}},"line":16},"1":{"name":"(anonymous_1)","decl":{"start":{"line":18,"column":24},"end":{"line":18,"column":25}},"loc":{"start":{"line":18,"column":36},"end":{"line":24,"column":3}},"line":18},"2":{"name":"(anonymous_2)","decl":{"start":{"line":36,"column":17},"end":{"line":36,"column":18}},"loc":{"start":{"line":36,"column":23},"end":{"line":36,"column":46}},"line":36},"3":{"name":"(anonymous_3)","decl":{"start":{"line":55,"column":17},"end":{"line":55,"column":18}},"loc":{"start":{"line":55,"column":23},"end":{"line":55,"column":38}},"line":55}},"branchMap":{"0":{"loc":{"start":{"line":46,"column":15},"end":{"line":46,"column":54}},"type":"cond-expr","locations":[{"start":{"line":46,"column":27},"end":{"line":46,"column":39}},{"start":{"line":46,"column":42},"end":{"line":46,"column":54}}],"line":46}},"s":{"0":1,"1":9,"2":9,"3":1,"4":1,"5":1,"6":1,"7":1,"8":9,"9":0,"10":1},"f":{"0":9,"1":1,"2":0,"3":1},"b":{"0":[1,8]},"_coverageSchema":"1a1c01bbd47fc00a2c39e90264f33305004495a9","hash":"35b989787f5069f717eedbe382d0e115e8cc551b"}
,"E:\\Belajar\\uas\\RPL\\DawSavings-bun\\components\\dialog\\SetorDialog.tsx": {"path":"E:\\Belajar\\uas\\RPL\\DawSavings-bun\\components\\dialog\\SetorDialog.tsx","statementMap":{"0":{"start":{"line":7,"column":20},"end":{"line":119,"column":1}},"1":{"start":{"line":18,"column":32},"end":{"line":18,"column":61}},"2":{"start":{"line":19,"column":28},"end":{"line":19,"column":57}},"3":{"start":{"line":20,"column":36},"end":{"line":20,"column":60}},"4":{"start":{"line":21,"column":17},"end":{"line":21,"column":28}},"5":{"start":{"line":23,"column":22},"end":{"line":46,"column":3}},"6":{"start":{"line":24,"column":4},"end":{"line":45,"column":5}},"7":{"start":{"line":25,"column":6},"end":{"line":25,"column":25}},"8":{"start":{"line":27,"column":20},"end":{"line":27,"column":43}},"9":{"start":{"line":29,"column":6},"end":{"line":42,"column":7}},"10":{"start":{"line":30,"column":8},"end":{"line":33,"column":11}},"11":{"start":{"line":35,"column":8},"end":{"line":35,"column":26}},"12":{"start":{"line":36,"column":8},"end":{"line":36,"column":25}},"13":{"start":{"line":38,"column":8},"end":{"line":38,"column":27}},"14":{"start":{"line":39,"column":8},"end":{"line":39,"column":52}},"15":{"start":{"line":41,"column":8},"end":{"line":41,"column":28}},"16":{"start":{"line":44,"column":6},"end":{"line":44,"column":38}},"17":{"start":{"line":48,"column":2},"end":{"line":118,"column":4}},"18":{"start":{"line":86,"column":37},"end":{"line":86,"column":62}},"19":{"start":{"line":96,"column":10},"end":{"line":96,"column":28}},"20":{"start":{"line":108,"column":23},"end":{"line":108,"column":36}}},"fnMap":{"0":{"name":"(anonymous_0)","decl":{"start":{"line":7,"column":20},"end":{"line":7,"column":21}},"loc":{"start":{"line":17,"column":6},"end":{"line":119,"column":1}},"line":17},"1":{"name":"(anonymous_1)","decl":{"start":{"line":23,"column":22},"end":{"line":23,"column":23}},"loc":{"start":{"line":23,"column":34},"end":{"line":46,"column":3}},"line":23},"2":{"name":"(anonymous_2)","decl":{"start":{"line":86,"column":26},"end":{"line":86,"column":27}},"loc":{"start":{"line":86,"column":37},"end":{"line":86,"column":62}},"line":86},"3":{"name":"(anonymous_3)","decl":{"start":{"line":95,"column":17},"end":{"line":95,"column":18}},"loc":{"start":{"line":95,"column":23},"end":{"line":97,"column":9}},"line":95},"4":{"name":"(anonymous_4)","decl":{"start":{"line":108,"column":17},"end":{"line":108,"column":18}},"loc":{"start":{"line":108,"column":23},"end":{"line":108,"column":36}},"line":108}},"branchMap":{"0":{"loc":{"start":{"line":24,"column":4},"end":{"line":45,"column":5}},"type":"if","locations":[{"start":{"line":24,"column":4},"end":{"line":45,"column":5}},{"start":{"line":43,"column":11},"end":{"line":45,"column":5}}],"line":24},"1":{"loc":{"start":{"line":24,"column":8},"end":{"line":24,"column":41}},"type":"binary-expr","locations":[{"start":{"line":24,"column":8},"end":{"line":24,"column":21}},{"start":{"line":24,"column":25},"end":{"line":24,"column":41}}],"line":24},"2":{"loc":{"start":{"line":90,"column":9},"end":{"line":90,"column":75}},"type":"binary-expr","locations":[{"start":{"line":90,"column":9},"end":{"line":90,"column":14}},{"start":{"line":90,"column":18},"end":{"line":90,"column":75}}],"line":90},"3":{"loc":{"start":{"line":107,"column":15},"end":{"line":107,"column":49}},"type":"cond-expr","locations":[{"start":{"line":107,"column":27},"end":{"line":107,"column":39}},{"start":{"line":107,"column":42},"end":{"line":107,"column":49}}],"line":107}},"s":{"0":0,"1":0,"2":0,"3":0,"4":0,"5":0,"6":0,"7":0,"8":0,"9":0,"10":0,"11":0,"12":0,"13":0,"14":0,"15":0,"16":0,"17":0,"18":0,"19":0,"20":0},"f":{"0":0,"1":0,"2":0,"3":0,"4":0},"b":{"0":[0,0],"1":[0,0],"2":[0,0],"3":[0,0]}}
,"E:\\Belajar\\uas\\RPL\\DawSavings-bun\\components\\dialog\\SuccessDialog.tsx": {"path":"E:\\Belajar\\uas\\RPL\\DawSavings-bun\\components\\dialog\\SuccessDialog.tsx","statementMap":{"0":{"start":{"line":6,"column":22},"end":{"line":48,"column":1}},"1":{"start":{"line":15,"column":17},"end":{"line":15,"column":28}},"2":{"start":{"line":17,"column":2},"end":{"line":47,"column":4}},"3":{"start":{"line":33,"column":10},"end":{"line":33,"column":35}},"4":{"start":{"line":34,"column":10},"end":{"line":34,"column":27}}},"fnMap":{"0":{"name":"(anonymous_0)","decl":{"start":{"line":6,"column":22},"end":{"line":6,"column":23}},"loc":{"start":{"line":14,"column":6},"end":{"line":48,"column":1}},"line":14},"1":{"name":"(anonymous_1)","decl":{"start":{"line":32,"column":17},"end":{"line":32,"column":18}},"loc":{"start":{"line":32,"column":23},"end":{"line":35,"column":9}},"line":32}},"branchMap":{},"s":{"0":1,"1":7,"2":7,"3":0,"4":0},"f":{"0":7,"1":0},"b":{},"_coverageSchema":"1a1c01bbd47fc00a2c39e90264f33305004495a9","hash":"a169569477f3ab6662c82b18efe685533b6a7074"}
,"E:\\Belajar\\uas\\RPL\\DawSavings-bun\\components\\dialog\\TarikDialog.tsx": {"path":"E:\\Belajar\\uas\\RPL\\DawSavings-bun\\components\\dialog\\TarikDialog.tsx","statementMap":{"0":{"start":{"line":7,"column":20},"end":{"line":112,"column":1}},"1":{"start":{"line":18,"column":32},"end":{"line":18,"column":61}},"2":{"start":{"line":19,"column":28},"end":{"line":19,"column":57}},"3":{"start":{"line":20,"column":36},"end":{"line":20,"column":60}},"4":{"start":{"line":21,"column":17},"end":{"line":21,"column":28}},"5":{"start":{"line":23,"column":22},"end":{"line":52,"column":3}},"6":{"start":{"line":24,"column":4},"end":{"line":49,"column":5}},"7":{"start":{"line":25,"column":6},"end":{"line":25,"column":25}},"8":{"start":{"line":27,"column":20},"end":{"line":27,"column":43}},"9":{"start":{"line":29,"column":6},"end":{"line":33,"column":7}},"10":{"start":{"line":30,"column":8},"end":{"line":30,"column":42}},"11":{"start":{"line":31,"column":8},"end":{"line":31,"column":28}},"12":{"start":{"line":32,"column":8},"end":{"line":32,"column":15}},"13":{"start":{"line":35,"column":6},"end":{"line":48,"column":7}},"14":{"start":{"line":36,"column":8},"end":{"line":39,"column":11}},"15":{"start":{"line":41,"column":8},"end":{"line":41,"column":26}},"16":{"start":{"line":42,"column":8},"end":{"line":42,"column":25}},"17":{"start":{"line":44,"column":8},"end":{"line":44,"column":27}},"18":{"start":{"line":45,"column":8},"end":{"line":45,"column":52}},"19":{"start":{"line":47,"column":8},"end":{"line":47,"column":28}},"20":{"start":{"line":50,"column":4},"end":{"line":50,"column":36}},"21":{"start":{"line":51,"column":4},"end":{"line":51,"column":24}},"22":{"start":{"line":54,"column":2},"end":{"line":111,"column":4}},"23":{"start":{"line":80,"column":37},"end":{"line":80,"column":62}},"24":{"start":{"line":89,"column":10},"end":{"line":89,"column":28}},"25":{"start":{"line":101,"column":23},"end":{"line":101,"column":36}}},"fnMap":{"0":{"name":"(anonymous_0)","decl":{"start":{"line":7,"column":20},"end":{"line":7,"column":21}},"loc":{"start":{"line":17,"column":6},"end":{"line":112,"column":1}},"line":17},"1":{"name":"(anonymous_1)","decl":{"start":{"line":23,"column":22},"end":{"line":23,"column":23}},"loc":{"start":{"line":23,"column":34},"end":{"line":52,"column":3}},"line":23},"2":{"name":"(anonymous_2)","decl":{"start":{"line":80,"column":26},"end":{"line":80,"column":27}},"loc":{"start":{"line":80,"column":37},"end":{"line":80,"column":62}},"line":80},"3":{"name":"(anonymous_3)","decl":{"start":{"line":88,"column":17},"end":{"line":88,"column":18}},"loc":{"start":{"line":88,"column":23},"end":{"line":90,"column":9}},"line":88},"4":{"name":"(anonymous_4)","decl":{"start":{"line":101,"column":17},"end":{"line":101,"column":18}},"loc":{"start":{"line":101,"column":23},"end":{"line":101,"column":36}},"line":101}},"branchMap":{"0":{"loc":{"start":{"line":24,"column":4},"end":{"line":49,"column":5}},"type":"if","locations":[{"start":{"line":24,"column":4},"end":{"line":49,"column":5}},{"start":{},"end":{}}],"line":24},"1":{"loc":{"start":{"line":24,"column":8},"end":{"line":24,"column":41}},"type":"binary-expr","locations":[{"start":{"line":24,"column":8},"end":{"line":24,"column":21}},{"start":{"line":24,"column":25},"end":{"line":24,"column":41}}],"line":24},"2":{"loc":{"start":{"line":29,"column":6},"end":{"line":33,"column":7}},"type":"if","locations":[{"start":{"line":29,"column":6},"end":{"line":33,"column":7}},{"start":{},"end":{}}],"line":29},"3":{"loc":{"start":{"line":83,"column":9},"end":{"line":83,"column":63}},"type":"binary-expr","locations":[{"start":{"line":83,"column":9},"end":{"line":83,"column":14}},{"start":{"line":83,"column":18},"end":{"line":83,"column":63}}],"line":83},"4":{"loc":{"start":{"line":100,"column":15},"end":{"line":100,"column":49}},"type":"cond-expr","locations":[{"start":{"line":100,"column":27},"end":{"line":100,"column":39}},{"start":{"line":100,"column":42},"end":{"line":100,"column":49}}],"line":100}},"s":{"0":0,"1":0,"2":0,"3":0,"4":0,"5":0,"6":0,"7":0,"8":0,"9":0,"10":0,"11":0,"12":0,"13":0,"14":0,"15":0,"16":0,"17":0,"18":0,"19":0,"20":0,"21":0,"22":0,"23":0,"24":0,"25":0},"f":{"0":0,"1":0,"2":0,"3":0,"4":0},"b":{"0":[0,0],"1":[0,0],"2":[0,0],"3":[0,0],"4":[0,0]}}
,"E:\\Belajar\\uas\\RPL\\DawSavings-bun\\components\\form\\AddSiswaForm.tsx": {"path":"E:\\Belajar\\uas\\RPL\\DawSavings-bun\\components\\form\\AddSiswaForm.tsx","statementMap":{"0":{"start":{"line":13,"column":21},"end":{"line":159,"column":1}},"1":{"start":{"line":18,"column":6},"end":{"line":25,"column":4}},"2":{"start":{"line":26,"column":17},"end":{"line":26,"column":28}},"3":{"start":{"line":27,"column":52},"end":{"line":27,"column":76}},"4":{"start":{"line":28,"column":52},"end":{"line":28,"column":76}},"5":{"start":{"line":29,"column":32},"end":{"line":29,"column":67}},"6":{"start":{"line":31,"column":20},"end":{"line":46,"column":3}},"7":{"start":{"line":32,"column":4},"end":{"line":45,"column":6}},"8":{"start":{"line":42,"column":31},"end":{"line":42,"column":69}},"9":{"start":{"line":48,"column":19},"end":{"line":51,"column":3}},"10":{"start":{"line":49,"column":4},"end":{"line":49,"column":21}},"11":{"start":{"line":50,"column":4},"end":{"line":50,"column":31}},"12":{"start":{"line":53,"column":2},"end":{"line":158,"column":4}},"13":{"start":{"line":60,"column":12},"end":{"line":73,"column":19}},"14":{"start":{"line":80,"column":12},"end":{"line":93,"column":19}},"15":{"start":{"line":100,"column":12},"end":{"line":113,"column":19}},"16":{"start":{"line":129,"column":23},"end":{"line":129,"column":47}},"17":{"start":{"line":149,"column":10},"end":{"line":149,"column":58}},"18":{"start":{"line":163,"column":15},"end":{"line":171,"column":2}}},"fnMap":{"0":{"name":"(anonymous_0)","decl":{"start":{"line":13,"column":21},"end":{"line":13,"column":22}},"loc":{"start":{"line":13,"column":27},"end":{"line":159,"column":1}},"line":13},"1":{"name":"(anonymous_1)","decl":{"start":{"line":31,"column":20},"end":{"line":31,"column":21}},"loc":{"start":{"line":31,"column":44},"end":{"line":46,"column":3}},"line":31},"2":{"name":"(anonymous_2)","decl":{"start":{"line":42,"column":19},"end":{"line":42,"column":20}},"loc":{"start":{"line":42,"column":31},"end":{"line":42,"column":69}},"line":42},"3":{"name":"(anonymous_3)","decl":{"start":{"line":48,"column":19},"end":{"line":48,"column":20}},"loc":{"start":{"line":48,"column":43},"end":{"line":51,"column":3}},"line":48},"4":{"name":"(anonymous_4)","decl":{"start":{"line":59,"column":18},"end":{"line":59,"column":19}},"loc":{"start":{"line":60,"column":12},"end":{"line":73,"column":19}},"line":60},"5":{"name":"(anonymous_5)","decl":{"start":{"line":79,"column":18},"end":{"line":79,"column":19}},"loc":{"start":{"line":80,"column":12},"end":{"line":93,"column":19}},"line":80},"6":{"name":"(anonymous_6)","decl":{"start":{"line":99,"column":18},"end":{"line":99,"column":19}},"loc":{"start":{"line":100,"column":12},"end":{"line":113,"column":19}},"line":100},"7":{"name":"(anonymous_7)","decl":{"start":{"line":129,"column":17},"end":{"line":129,"column":18}},"loc":{"start":{"line":129,"column":23},"end":{"line":129,"column":47}},"line":129},"8":{"name":"(anonymous_8)","decl":{"start":{"line":148,"column":24},"end":{"line":148,"column":25}},"loc":{"start":{"line":149,"column":10},"end":{"line":149,"column":58}},"line":149}},"branchMap":{"0":{"loc":{"start":{"line":68,"column":15},"end":{"line":72,"column":15}},"type":"binary-expr","locations":[{"start":{"line":68,"column":15},"end":{"line":68,"column":26}},{"start":{"line":69,"column":16},"end":{"line":71,"column":23}}],"line":68},"1":{"loc":{"start":{"line":88,"column":15},"end":{"line":92,"column":15}},"type":"binary-expr","locations":[{"start":{"line":88,"column":15},"end":{"line":88,"column":26}},{"start":{"line":89,"column":16},"end":{"line":91,"column":23}}],"line":88},"2":{"loc":{"start":{"line":108,"column":15},"end":{"line":112,"column":15}},"type":"binary-expr","locations":[{"start":{"line":108,"column":15},"end":{"line":108,"column":27}},{"start":{"line":109,"column":16},"end":{"line":111,"column":23}}],"line":108}},"s":{"0":1,"1":8,"2":7,"3":7,"4":7,"5":7,"6":7,"7":0,"8":0,"9":7,"10":1,"11":1,"12":7,"13":8,"14":8,"15":8,"16":1,"17":1,"18":1},"f":{"0":8,"1":0,"2":0,"3":1,"4":8,"5":8,"6":8,"7":1,"8":1},"b":{"0":[8,0],"1":[8,0],"2":[8,0]},"_coverageSchema":"1a1c01bbd47fc00a2c39e90264f33305004495a9","hash":"b2185bd69fdf262a3cc5b1ab0510d8851022e82b"}
,"E:\\Belajar\\uas\\RPL\\DawSavings-bun\\components\\form\\EditSiswaForm.tsx": {"path":"E:\\Belajar\\uas\\RPL\\DawSavings-bun\\components\\form\\EditSiswaForm.tsx","statementMap":{"0":{"start":{"line":13,"column":22},"end":{"line":150,"column":1}},"1":{"start":{"line":18,"column":6},"end":{"line":31,"column":4}},"2":{"start":{"line":33,"column":17},"end":{"line":33,"column":28}},"3":{"start":{"line":35,"column":52},"end":{"line":35,"column":76}},"4":{"start":{"line":36,"column":52},"end":{"line":36,"column":76}},"5":{"start":{"line":37,"column":32},"end":{"line":37,"column":53}},"6":{"start":{"line":39,"column":19},"end":{"line":42,"column":3}},"7":{"start":{"line":40,"column":4},"end":{"line":40,"column":45}},"8":{"start":{"line":41,"column":4},"end":{"line":41,"column":31}},"9":{"start":{"line":44,"column":2},"end":{"line":149,"column":4}},"10":{"start":{"line":51,"column":12},"end":{"line":64,"column":19}},"11":{"start":{"line":71,"column":12},"end":{"line":84,"column":19}},"12":{"start":{"line":91,"column":12},"end":{"line":104,"column":19}},"13":{"start":{"line":121,"column":23},"end":{"line":121,"column":47}},"14":{"start":{"line":140,"column":10},"end":{"line":140,"column":56}},"15":{"start":{"line":154,"column":15},"end":{"line":162,"column":2}}},"fnMap":{"0":{"name":"(anonymous_0)","decl":{"start":{"line":13,"column":22},"end":{"line":13,"column":23}},"loc":{"start":{"line":13,"column":59},"end":{"line":150,"column":1}},"line":13},"1":{"name":"(anonymous_1)","decl":{"start":{"line":39,"column":19},"end":{"line":39,"column":20}},"loc":{"start":{"line":39,"column":47},"end":{"line":42,"column":3}},"line":39},"2":{"name":"(anonymous_2)","decl":{"start":{"line":50,"column":18},"end":{"line":50,"column":19}},"loc":{"start":{"line":51,"column":12},"end":{"line":64,"column":19}},"line":51},"3":{"name":"(anonymous_3)","decl":{"start":{"line":70,"column":18},"end":{"line":70,"column":19}},"loc":{"start":{"line":71,"column":12},"end":{"line":84,"column":19}},"line":71},"4":{"name":"(anonymous_4)","decl":{"start":{"line":90,"column":18},"end":{"line":90,"column":19}},"loc":{"start":{"line":91,"column":12},"end":{"line":104,"column":19}},"line":91},"5":{"name":"(anonymous_5)","decl":{"start":{"line":121,"column":17},"end":{"line":121,"column":18}},"loc":{"start":{"line":121,"column":23},"end":{"line":121,"column":47}},"line":121},"6":{"name":"(anonymous_6)","decl":{"start":{"line":139,"column":24},"end":{"line":139,"column":25}},"loc":{"start":{"line":140,"column":10},"end":{"line":140,"column":56}},"line":140}},"branchMap":{"0":{"loc":{"start":{"line":20,"column":19},"end":{"line":30,"column":9}},"type":"cond-expr","locations":[{"start":{"line":21,"column":8},"end":{"line":25,"column":9}},{"start":{"line":26,"column":8},"end":{"line":30,"column":9}}],"line":20},"1":{"loc":{"start":{"line":59,"column":15},"end":{"line":63,"column":15}},"type":"binary-expr","locations":[{"start":{"line":59,"column":15},"end":{"line":59,"column":26}},{"start":{"line":60,"column":16},"end":{"line":62,"column":23}}],"line":59},"2":{"loc":{"start":{"line":79,"column":15},"end":{"line":83,"column":15}},"type":"binary-expr","locations":[{"start":{"line":79,"column":15},"end":{"line":79,"column":26}},{"start":{"line":80,"column":16},"end":{"line":82,"column":23}}],"line":79},"3":{"loc":{"start":{"line":99,"column":15},"end":{"line":103,"column":15}},"type":"binary-expr","locations":[{"start":{"line":99,"column":15},"end":{"line":99,"column":27}},{"start":{"line":100,"column":16},"end":{"line":102,"column":23}}],"line":99}},"s":{"0":0,"1":0,"2":0,"3":0,"4":0,"5":0,"6":0,"7":0,"8":0,"9":0,"10":0,"11":0,"12":0,"13":0,"14":0,"15":0},"f":{"0":0,"1":0,"2":0,"3":0,"4":0,"5":0,"6":0},"b":{"0":[0,0],"1":[0,0],"2":[0,0],"3":[0,0]}}
,"E:\\Belajar\\uas\\RPL\\DawSavings-bun\\components\\tabbar\\TabBar.tsx": {"path":"E:\\Belajar\\uas\\RPL\\DawSavings-bun\\components\\tabbar\\TabBar.tsx","statementMap":{"0":{"start":{"line":6,"column":15},"end":{"line":52,"column":1}},"1":{"start":{"line":7,"column":2},"end":{"line":51,"column":4}},"2":{"start":{"line":10,"column":28},"end":{"line":10,"column":50}},"3":{"start":{"line":12,"column":10},"end":{"line":16,"column":24}},"4":{"start":{"line":18,"column":26},"end":{"line":18,"column":47}},"5":{"start":{"line":20,"column":24},"end":{"line":30,"column":9}},"6":{"start":{"line":21,"column":24},"end":{"line":25,"column":12}},"7":{"start":{"line":27,"column":10},"end":{"line":29,"column":11}},"8":{"start":{"line":28,"column":12},"end":{"line":28,"column":58}},"9":{"start":{"line":32,"column":28},"end":{"line":37,"column":9}},"10":{"start":{"line":33,"column":10},"end":{"line":36,"column":13}},"11":{"start":{"line":39,"column":8},"end":{"line":48,"column":10}},"12":{"start":{"line":56,"column":15},"end":{"line":79,"column":2}}},"fnMap":{"0":{"name":"(anonymous_0)","decl":{"start":{"line":6,"column":15},"end":{"line":6,"column":16}},"loc":{"start":{"line":6,"column":74},"end":{"line":52,"column":1}},"line":6},"1":{"name":"(anonymous_1)","decl":{"start":{"line":9,"column":24},"end":{"line":9,"column":25}},"loc":{"start":{"line":9,"column":42},"end":{"line":49,"column":7}},"line":9},"2":{"name":"(anonymous_2)","decl":{"start":{"line":20,"column":24},"end":{"line":20,"column":25}},"loc":{"start":{"line":20,"column":30},"end":{"line":30,"column":9}},"line":20},"3":{"name":"(anonymous_3)","decl":{"start":{"line":32,"column":28},"end":{"line":32,"column":29}},"loc":{"start":{"line":32,"column":34},"end":{"line":37,"column":9}},"line":32}},"branchMap":{"0":{"loc":{"start":{"line":12,"column":10},"end":{"line":16,"column":24}},"type":"cond-expr","locations":[{"start":{"line":13,"column":14},"end":{"line":13,"column":33}},{"start":{"line":14,"column":14},"end":{"line":16,"column":24}}],"line":12},"1":{"loc":{"start":{"line":14,"column":14},"end":{"line":16,"column":24}},"type":"cond-expr","locations":[{"start":{"line":15,"column":14},"end":{"line":15,"column":27}},{"start":{"line":16,"column":14},"end":{"line":16,"column":24}}],"line":14},"2":{"loc":{"start":{"line":27,"column":10},"end":{"line":29,"column":11}},"type":"if","locations":[{"start":{"line":27,"column":10},"end":{"line":29,"column":11}},{"start":{},"end":{}}],"line":27},"3":{"loc":{"start":{"line":27,"column":14},"end":{"line":27,"column":51}},"type":"binary-expr","locations":[{"start":{"line":27,"column":14},"end":{"line":27,"column":24}},{"start":{"line":27,"column":28},"end":{"line":27,"column":51}}],"line":27}},"s":{"0":0,"1":0,"2":0,"3":0,"4":0,"5":0,"6":0,"7":0,"8":0,"9":0,"10":0,"11":0,"12":0},"f":{"0":0,"1":0,"2":0,"3":0},"b":{"0":[0,0],"1":[0,0],"2":[0,0],"3":[0,0]}}
,"E:\\Belajar\\uas\\RPL\\DawSavings-bun\\components\\tabbar\\TabBarButton.tsx": {"path":"E:\\Belajar\\uas\\RPL\\DawSavings-bun\\components\\tabbar\\TabBarButton.tsx","statementMap":{"0":{"start":{"line":5,"column":18},"end":{"line":8,"column":1}},"1":{"start":{"line":6,"column":25},"end":{"line":6,"column":72}},"2":{"start":{"line":7,"column":23},"end":{"line":7,"column":87}},"3":{"start":{"line":10,"column":21},"end":{"line":45,"column":1}},"4":{"start":{"line":23,"column":2},"end":{"line":44,"column":4}},"5":{"start":{"line":49,"column":15},"end":{"line":56,"column":2}}},"fnMap":{"0":{"name":"(anonymous_0)","decl":{"start":{"line":6,"column":9},"end":{"line":6,"column":10}},"loc":{"start":{"line":6,"column":25},"end":{"line":6,"column":72}},"line":6},"1":{"name":"(anonymous_1)","decl":{"start":{"line":7,"column":7},"end":{"line":7,"column":8}},"loc":{"start":{"line":7,"column":23},"end":{"line":7,"column":87}},"line":7},"2":{"name":"(anonymous_2)","decl":{"start":{"line":10,"column":21},"end":{"line":10,"column":22}},"loc":{"start":{"line":22,"column":6},"end":{"line":45,"column":1}},"line":22}},"branchMap":{"0":{"loc":{"start":{"line":29,"column":7},"end":{"line":32,"column":10}},"type":"binary-expr","locations":[{"start":{"line":29,"column":7},"end":{"line":29,"column":22}},{"start":{"line":30,"column":8},"end":{"line":32,"column":10}}],"line":29},"1":{"loc":{"start":{"line":31,"column":17},"end":{"line":31,"column":47}},"type":"cond-expr","locations":[{"start":{"line":31,"column":29},"end":{"line":31,"column":38}},{"start":{"line":31,"column":41},"end":{"line":31,"column":47}}],"line":31},"2":{"loc":{"start":{"line":35,"column":17},"end":{"line":35,"column":47}},"type":"cond-expr","locations":[{"start":{"line":35,"column":29},"end":{"line":35,"column":38}},{"start":{"line":35,"column":41},"end":{"line":35,"column":47}}],"line":35}},"s":{"0":0,"1":0,"2":0,"3":0,"4":0,"5":0},"f":{"0":0,"1":0,"2":0},"b":{"0":[0,0],"1":[0,0],"2":[0,0]}}
,"E:\\Belajar\\uas\\RPL\\DawSavings-bun\\constants\\Colors.ts": {"path":"E:\\Belajar\\uas\\RPL\\DawSavings-bun\\constants\\Colors.ts","statementMap":{"0":{"start":{"line":6,"column":23},"end":{"line":6,"column":32}},"1":{"start":{"line":7,"column":22},"end":{"line":7,"column":28}},"2":{"start":{"line":9,"column":22},"end":{"line":26,"column":1}}},"fnMap":{},"branchMap":{},"s":{"0":0,"1":0,"2":0},"f":{},"b":{}}
,"E:\\Belajar\\uas\\RPL\\DawSavings-bun\\constants\\dbConn.ts": {"path":"E:\\Belajar\\uas\\RPL\\DawSavings-bun\\constants\\dbConn.ts","statementMap":{"0":{"start":{"line":3,"column":11},"end":{"line":3,"column":46}},"1":{"start":{"line":4,"column":0},"end":{"line":35,"column":7}},"2":{"start":{"line":36,"column":0},"end":{"line":43,"column":11}}},"fnMap":{},"branchMap":{},"s":{"0":0,"1":0,"2":0},"f":{},"b":{}}
,"E:\\Belajar\\uas\\RPL\\DawSavings-bun\\db\\query.ts": {"path":"E:\\Belajar\\uas\\RPL\\DawSavings-bun\\db\\query.ts","statementMap":{"0":{"start":{"line":7,"column":34},"end":{"line":11,"column":1}},"1":{"start":{"line":8,"column":4},"end":{"line":10,"column":5}},"2":{"start":{"line":9,"column":8},"end":{"line":9,"column":118}},"3":{"start":{"line":17,"column":32},"end":{"line":23,"column":1}},"4":{"start":{"line":18,"column":4},"end":{"line":22,"column":5}},"5":{"start":{"line":19,"column":8},"end":{"line":19,"column":26}},"6":{"start":{"line":20,"column":8},"end":{"line":20,"column":134}},"7":{"start":{"line":26,"column":20},"end":{"line":32,"column":1}},"8":{"start":{"line":27,"column":37},"end":{"line":27,"column":125}},"9":{"start":{"line":29,"column":4},"end":{"line":29,"column":25}},"10":{"start":{"line":30,"column":4},"end":{"line":30,"column":27}},"11":{"start":{"line":31,"column":4},"end":{"line":31,"column":35}},"12":{"start":{"line":34,"column":34},"end":{"line":42,"column":1}},"13":{"start":{"line":35,"column":4},"end":{"line":36,"column":56}},"14":{"start":{"line":37,"column":4},"end":{"line":38,"column":54}},"15":{"start":{"line":39,"column":4},"end":{"line":40,"column":46}}},"fnMap":{"0":{"name":"(anonymous_0)","decl":{"start":{"line":7,"column":34},"end":{"line":7,"column":35}},"loc":{"start":{"line":7,"column":77},"end":{"line":11,"column":1}},"line":7},"1":{"name":"(anonymous_1)","decl":{"start":{"line":17,"column":32},"end":{"line":17,"column":33}},"loc":{"start":{"line":17,"column":73},"end":{"line":23,"column":1}},"line":17},"2":{"name":"(anonymous_2)","decl":{"start":{"line":26,"column":20},"end":{"line":26,"column":21}},"loc":{"start":{"line":26,"column":157},"end":{"line":32,"column":1}},"line":26},"3":{"name":"(anonymous_3)","decl":{"start":{"line":34,"column":34},"end":{"line":34,"column":35}},"loc":{"start":{"line":34,"column":56},"end":{"line":42,"column":1}},"line":34}},"branchMap":{"0":{"loc":{"start":{"line":8,"column":4},"end":{"line":10,"column":5}},"type":"if","locations":[{"start":{"line":8,"column":4},"end":{"line":10,"column":5}},{"start":{},"end":{}}],"line":8},"1":{"loc":{"start":{"line":18,"column":4},"end":{"line":22,"column":5}},"type":"if","locations":[{"start":{"line":18,"column":4},"end":{"line":22,"column":5}},{"start":{},"end":{}}],"line":18}},"s":{"0":0,"1":0,"2":0,"3":0,"4":0,"5":0,"6":0,"7":0,"8":0,"9":0,"10":0,"11":0,"12":0,"13":0,"14":0,"15":0},"f":{"0":0,"1":0,"2":0,"3":0},"b":{"0":[0,0],"1":[0,0]}}
,"E:\\Belajar\\uas\\RPL\\DawSavings-bun\\scripts\\reset-project.js": {"path":"E:\\Belajar\\uas\\RPL\\DawSavings-bun\\scripts\\reset-project.js","statementMap":{"0":{"start":{"line":9,"column":11},"end":{"line":9,"column":24}},"1":{"start":{"line":10,"column":13},"end":{"line":10,"column":28}},"2":{"start":{"line":12,"column":13},"end":{"line":12,"column":26}},"3":{"start":{"line":13,"column":16},"end":{"line":13,"column":70}},"4":{"start":{"line":14,"column":15},"end":{"line":14,"column":28}},"5":{"start":{"line":15,"column":18},"end":{"line":15,"column":23}},"6":{"start":{"line":16,"column":19},"end":{"line":16,"column":42}},"7":{"start":{"line":18,"column":21},"end":{"line":33,"column":1}},"8":{"start":{"line":35,"column":22},"end":{"line":40,"column":1}},"9":{"start":{"line":42,"column":24},"end":{"line":82,"column":1}},"10":{"start":{"line":43,"column":2},"end":{"line":81,"column":3}},"11":{"start":{"line":45,"column":4},"end":{"line":45,"column":61}},"12":{"start":{"line":46,"column":4},"end":{"line":46,"column":52}},"13":{"start":{"line":49,"column":4},"end":{"line":58,"column":5}},"14":{"start":{"line":50,"column":25},"end":{"line":50,"column":45}},"15":{"start":{"line":51,"column":25},"end":{"line":51,"column":53}},"16":{"start":{"line":52,"column":6},"end":{"line":57,"column":7}},"17":{"start":{"line":53,"column":8},"end":{"line":53,"column":57}},"18":{"start":{"line":54,"column":8},"end":{"line":54,"column":62}},"19":{"start":{"line":56,"column":8},"end":{"line":56,"column":60}},"20":{"start":{"line":61,"column":26},"end":{"line":61,"column":52}},"21":{"start":{"line":62,"column":4},"end":{"line":62,"column":64}},"22":{"start":{"line":63,"column":4},"end":{"line":63,"column":52}},"23":{"start":{"line":66,"column":22},"end":{"line":66,"column":59}},"24":{"start":{"line":67,"column":4},"end":{"line":67,"column":57}},"25":{"start":{"line":68,"column":4},"end":{"line":68,"column":45}},"26":{"start":{"line":71,"column":23},"end":{"line":71,"column":62}},"27":{"start":{"line":72,"column":4},"end":{"line":72,"column":59}},"28":{"start":{"line":73,"column":4},"end":{"line":73,"column":47}},"29":{"start":{"line":75,"column":4},"end":{"line":75,"column":59}},"30":{"start":{"line":76,"column":4},"end":{"line":78,"column":6}},"31":{"start":{"line":80,"column":4},"end":{"line":80,"column":61}},"32":{"start":{"line":84,"column":0},"end":{"line":84,"column":18}}},"fnMap":{"0":{"name":"(anonymous_0)","decl":{"start":{"line":42,"column":24},"end":{"line":42,"column":25}},"loc":{"start":{"line":42,"column":36},"end":{"line":82,"column":1}},"line":42}},"branchMap":{"0":{"loc":{"start":{"line":52,"column":6},"end":{"line":57,"column":7}},"type":"if","locations":[{"start":{"line":52,"column":6},"end":{"line":57,"column":7}},{"start":{"line":55,"column":13},"end":{"line":57,"column":7}}],"line":52}},"s":{"0":0,"1":0,"2":0,"3":0,"4":0,"5":0,"6":0,"7":0,"8":0,"9":0,"10":0,"11":0,"12":0,"13":0,"14":0,"15":0,"16":0,"17":0,"18":0,"19":0,"20":0,"21":0,"22":0,"23":0,"24":0,"25":0,"26":0,"27":0,"28":0,"29":0,"30":0,"31":0,"32":0},"f":{"0":0},"b":{"0":[0,0]}}
,"E:\\Belajar\\uas\\RPL\\DawSavings-bun\\type\\siswaType.ts": {"path":"E:\\Belajar\\uas\\RPL\\DawSavings-bun\\type\\siswaType.ts","statementMap":{},"fnMap":{},"branchMap":{},"s":{},"f":{},"b":{}}
,"E:\\Belajar\\uas\\RPL\\DawSavings-bun\\zschema\\siswaZSchema.ts": {"path":"E:\\Belajar\\uas\\RPL\\DawSavings-bun\\zschema\\siswaZSchema.ts","statementMap":{"0":{"start":{"line":9,"column":27},"end":{"line":13,"column":2}},"1":{"start":{"line":10,"column":86},"end":{"line":10,"column":109}},"2":{"start":{"line":11,"column":86},"end":{"line":11,"column":109}},"3":{"start":{"line":12,"column":87},"end":{"line":12,"column":110}}},"fnMap":{"0":{"name":"(anonymous_0)","decl":{"start":{"line":10,"column":75},"end":{"line":10,"column":76}},"loc":{"start":{"line":10,"column":86},"end":{"line":10,"column":109}},"line":10},"1":{"name":"(anonymous_1)","decl":{"start":{"line":11,"column":75},"end":{"line":11,"column":76}},"loc":{"start":{"line":11,"column":86},"end":{"line":11,"column":109}},"line":11},"2":{"name":"(anonymous_2)","decl":{"start":{"line":12,"column":76},"end":{"line":12,"column":77}},"loc":{"start":{"line":12,"column":87},"end":{"line":12,"column":110}},"line":12}},"branchMap":{},"s":{"0":1,"1":1,"2":1,"3":1},"f":{"0":1,"1":1,"2":1},"b":{},"_coverageSchema":"1a1c01bbd47fc00a2c39e90264f33305004495a9","hash":"e020b65c4864ffbb2e36eb9df09e7c5b51b51859"}
}
